mode: set
github.com/qiaopengjun5162/code-trio/go/linked_list/list.go:9.56,10.27 1 1
github.com/qiaopengjun5162/code-trio/go/linked_list/list.go:10.27,12.3 1 1
github.com/qiaopengjun5162/code-trio/go/linked_list/list.go:13.2,17.25 3 1
github.com/qiaopengjun5162/code-trio/go/linked_list/list.go:17.25,18.23 1 1
github.com/qiaopengjun5162/code-trio/go/linked_list/list.go:18.23,20.4 1 1
github.com/qiaopengjun5162/code-trio/go/linked_list/list.go:21.3,21.19 1 1
github.com/qiaopengjun5162/code-trio/go/linked_list/list.go:25.2,25.23 1 1
github.com/qiaopengjun5162/code-trio/go/linked_list/list.go:25.23,28.3 2 1
github.com/qiaopengjun5162/code-trio/go/linked_list/list.go:31.2,32.19 2 1
github.com/qiaopengjun5162/code-trio/go/linked_list/list.go:36.47,37.22 1 1
github.com/qiaopengjun5162/code-trio/go/linked_list/list.go:37.22,39.3 1 1
github.com/qiaopengjun5162/code-trio/go/linked_list/list.go:40.2,42.33 3 1
github.com/qiaopengjun5162/code-trio/go/linked_list/list.go:42.33,45.3 2 1
github.com/qiaopengjun5162/code-trio/go/linked_list/list.go:46.2,46.13 1 1
github.com/qiaopengjun5162/code-trio/go/linked_list/list.go:50.46,52.18 2 1
github.com/qiaopengjun5162/code-trio/go/linked_list/list.go:52.18,55.3 2 1
github.com/qiaopengjun5162/code-trio/go/linked_list/list.go:56.2,56.15 1 1
